<?xml version="1.0" encoding="UTF-8"?>
<!-- Generated by org.testng.reporters.JUnitXMLReporter -->
<testsuite hostname="ECF210MAC-016.local" ignored="0" name="Compare Screens Test" tests="1" failures="1" timestamp="16 Jan 2018 22:54:24 GMT" time="63.294" errors="0">
  <testcase name="f" time="63.247" classname="CompareScreens.CompareScreenTest">
    <failure type="com.applitools.eyes.exceptions.DiffsFoundException" message="Test &amp;apos;Visual Regression Test&amp;apos; of &amp;apos;Vic Uni - Public Website&amp;apos; detected differences! See details at: https://eyes.applitools.com/app/batches/00000251886157589912/00000251886157589628?accountId=GWP6ThmiG02uzTMVaExwWw~~">
      <![CDATA[com.applitools.eyes.exceptions.DiffsFoundException: Test 'Visual Regression Test' of 'Vic Uni - Public Website' detected differences! See details at: https://eyes.applitools.com/app/batches/00000251886157589912/00000251886157589628?accountId=GWP6ThmiG02uzTMVaExwWw~~at com.applitools.eyes.EyesBase.close(EyesBase.java:671)at com.applitools.eyes.EyesBase.close(EyesBase.java:617)at CompareScreens.TotalCompare.CompScreens(TotalCompare.java:49)at CompareScreens.InitializeDriver.InitPlatform(InitializeDriver.java:38)at CompareScreens.CompareScreenTest.f(CompareScreenTest.java:15)... Removed 25 stack frames]]>
    </failure>
  </testcase> <!-- f -->
</testsuite> <!-- Compare Screens Test -->
