<?xml version="1.0" encoding="UTF-8"?>
<!-- Generated by org.testng.reporters.JUnitXMLReporter -->
<testsuite hostname="ECF210MAC-016.local" ignored="2" name="Compare Screens Regression Testing " tests="2" failures="0" timestamp="19 Jan 2018 03:29:45 GMT" time="507.383" errors="0">
  <testcase name="WindowsIE" time="186.824" classname="CompareScreens.CompareScreenTest"/>
  <testcase name="AndroidChrome" time="320.481" classname="CompareScreens.CompareScreenTest"/>
  <testcase name="WindowsChrome" time="0.0" classname="CompareScreens.CompareScreenTest">
    <ignored/>
  </testcase> <!-- WindowsChrome -->
  <testcase name="WindowsFF" time="0.0" classname="CompareScreens.CompareScreenTest">
    <ignored/>
  </testcase> <!-- WindowsFF -->
</testsuite> <!-- Compare Screens Regression Testing  -->
