<?xml version="1.0" encoding="UTF-8"?>
<!-- Generated by org.testng.reporters.JUnitXMLReporter -->
<testsuite hostname="ECFL202MAC-011" ignored="5" name="Compare Screens Regression testing" tests="1" failures="0" timestamp="05 Mar 2018 08:08:41 GMT" time="9745.941" errors="0">
  <testcase name="MacSafari" time="9745.768" classname="CompareScreens.CompareScreenTest"/>
  <testcase name="WindowsIE" time="0.0" classname="CompareScreens.CompareScreenTest">
    <ignored/>
  </testcase> <!-- WindowsIE -->
  <testcase name="WindowsChrome" time="0.0" classname="CompareScreens.CompareScreenTest">
    <ignored/>
  </testcase> <!-- WindowsChrome -->
  <testcase name="MacChrome" time="0.0" classname="CompareScreens.CompareScreenTest">
    <ignored/>
  </testcase> <!-- MacChrome -->
  <testcase name="AndroidChrome" time="0.0" classname="CompareScreens.CompareScreenTest">
    <ignored/>
  </testcase> <!-- AndroidChrome -->
  <testcase name="WindowsFF" time="0.0" classname="CompareScreens.CompareScreenTest">
    <ignored/>
  </testcase> <!-- WindowsFF -->
</testsuite> <!-- Compare Screens Regression testing -->
